build/app/intermediates/manifest_merge_blame_file/release/manifest-merger-blame-release-report.txt
1<?xml version="1.0" encoding="utf-8"?>
2<manifest xmlns:android="http://schemas.android.com/apk/res/android"
3    package="com.golpo.audiobook"
4    android:versionCode="87"
5    android:versionName="1.0.3" >
6
7    <uses-sdk
8        android:minSdkVersion="24"
8-->src\main\AndroidManifest.xml
9        android:targetSdkVersion="34" />
9-->src\main\AndroidManifest.xml
10
11    <!-- Queries for Android 11+ -->
12    <queries>
12-->src\main\AndroidManifest.xml:6:5-11:15
13        <intent>
13-->src\main\AndroidManifest.xml:7:9-10:18
14            <action android:name="android.intent.action.VIEW" />
14-->src\main\AndroidManifest.xml:8:13-65
14-->src\main\AndroidManifest.xml:8:21-62
15
16            <data android:scheme="https" />
16-->src\main\AndroidManifest.xml:9:13-44
16-->src\main\AndroidManifest.xml:9:19-41
17        </intent>
18        <intent>
18-->[:file_picker] AndroidManifest.xml:12:9-16:18
19            <action android:name="android.intent.action.GET_CONTENT" />
19-->[:file_picker] AndroidManifest.xml:13:13-72
19-->[:file_picker] AndroidManifest.xml:13:21-69
20
21            <data android:mimeType="*/*" />
21-->src\main\AndroidManifest.xml:9:13-44
22        </intent>
23        <intent>
23-->[androidx.media2:media2-session:1.2.1] AndroidManifest.xml:25:9-27:18
24            <action android:name="android.media.browse.MediaBrowserService" />
24-->src\main\AndroidManifest.xml:55:17-83
24-->src\main\AndroidManifest.xml:55:25-80
25        </intent>
26        <intent>
26-->[androidx.media2:media2-session:1.2.1] AndroidManifest.xml:28:9-30:18
27            <action android:name="androidx.media2.session.MediaSessionService" />
27-->[androidx.media2:media2-session:1.2.1] AndroidManifest.xml:29:13-82
27-->[androidx.media2:media2-session:1.2.1] AndroidManifest.xml:29:21-79
28        </intent>
29        <intent>
29-->[androidx.media2:media2-session:1.2.1] AndroidManifest.xml:31:9-33:18
30            <action android:name="androidx.media2.session.MediaLibraryService" />
30-->[androidx.media2:media2-session:1.2.1] AndroidManifest.xml:32:13-82
30-->[androidx.media2:media2-session:1.2.1] AndroidManifest.xml:32:21-79
31        </intent>
32    </queries>
33
34    <!-- Permissions -->
35    <uses-permission android:name="android.permission.WRITE_EXTERNAL_STORAGE" />
35-->src\main\AndroidManifest.xml:69:5-81
35-->src\main\AndroidManifest.xml:69:22-78
36    <uses-permission
36-->src\main\AndroidManifest.xml:70:5-107
37        android:name="android.permission.READ_EXTERNAL_STORAGE"
37-->src\main\AndroidManifest.xml:70:22-77
38        android:maxSdkVersion="32" />
38-->src\main\AndroidManifest.xml:70:78-104
39    <uses-permission android:name="android.permission.INTERNET" />
39-->src\main\AndroidManifest.xml:71:5-67
39-->src\main\AndroidManifest.xml:71:22-64
40    <uses-permission android:name="android.permission.WAKE_LOCK" />
40-->src\main\AndroidManifest.xml:72:5-68
40-->src\main\AndroidManifest.xml:72:22-65
41    <uses-permission android:name="android.permission.FOREGROUND_SERVICE" />
41-->src\main\AndroidManifest.xml:73:5-77
41-->src\main\AndroidManifest.xml:73:22-74
42    <uses-permission android:name="android.permission.FOREGROUND_SERVICE_MEDIA_PLAYBACK" />
42-->src\main\AndroidManifest.xml:74:5-93
42-->src\main\AndroidManifest.xml:74:22-89
43    <uses-permission android:name="android.permission.POST_NOTIFICATIONS" />
43-->src\main\AndroidManifest.xml:75:5-77
43-->src\main\AndroidManifest.xml:75:22-74
44    <uses-permission android:name="android.permission.ACCESS_NETWORK_STATE" />
44-->[com.google.android.exoplayer:exoplayer-core:2.18.7] AndroidManifest.xml:24:5-79
44-->[com.google.android.exoplayer:exoplayer-core:2.18.7] AndroidManifest.xml:24:22-76
45    <uses-permission android:name="android.permission.RECEIVE_BOOT_COMPLETED" />
45-->[androidx.work:work-runtime:2.9.0] AndroidManifest.xml:25:5-81
45-->[androidx.work:work-runtime:2.9.0] AndroidManifest.xml:25:22-78
46
47    <permission
47-->[androidx.core:core:1.12.0] AndroidManifest.xml:22:5-24:47
48        android:name="com.golpo.audiobook.DYNAMIC_RECEIVER_NOT_EXPORTED_PERMISSION"
48-->[androidx.core:core:1.12.0] AndroidManifest.xml:23:9-81
49        android:protectionLevel="signature" />
49-->[androidx.core:core:1.12.0] AndroidManifest.xml:24:9-44
50
51    <uses-permission android:name="com.golpo.audiobook.DYNAMIC_RECEIVER_NOT_EXPORTED_PERMISSION" />
51-->[androidx.core:core:1.12.0] AndroidManifest.xml:26:5-97
51-->[androidx.core:core:1.12.0] AndroidManifest.xml:26:22-94
52
53    <application
54        android:name="android.app.Application"
54-->src\main\AndroidManifest.xml:15:9-42
55        android:appComponentFactory="androidx.core.app.CoreComponentFactory"
55-->[androidx.core:core:1.12.0] AndroidManifest.xml:28:18-86
56        android:enableOnBackInvokedCallback="true"
56-->src\main\AndroidManifest.xml:17:9-51
57        android:extractNativeLibs="true"
57-->src\main\AndroidManifest.xml:19:9-41
58        android:icon="@mipmap/launcher_icon"
58-->src\main\AndroidManifest.xml:16:9-45
59        android:label="Golpo"
59-->src\main\AndroidManifest.xml:14:9-30
60        android:requestLegacyExternalStorage="true" >
60-->src\main\AndroidManifest.xml:18:9-52
61
62        <!-- AudioServiceActivity -->
63        <activity
63-->src\main\AndroidManifest.xml:23:9-43:20
64            android:name="com.ryanheise.audioservice.AudioServiceActivity"
64-->src\main\AndroidManifest.xml:24:13-75
65            android:configChanges="orientation|keyboardHidden|keyboard|screenSize|smallestScreenSize|locale|layoutDirection|fontScale|screenLayout|density|uiMode"
65-->src\main\AndroidManifest.xml:27:13-163
66            android:exported="true"
66-->src\main\AndroidManifest.xml:29:13-36
67            android:hardwareAccelerated="true"
67-->src\main\AndroidManifest.xml:28:13-47
68            android:launchMode="singleInstance"
68-->src\main\AndroidManifest.xml:25:13-48
69            android:theme="@style/LaunchTheme"
69-->src\main\AndroidManifest.xml:26:13-47
70            android:windowSoftInputMode="adjustResize" >
70-->src\main\AndroidManifest.xml:30:13-55
71
72            <!-- Flutter theme -->
73            <meta-data
73-->src\main\AndroidManifest.xml:33:13-35:57
74                android:name="io.flutter.embedding.android.NormalTheme"
74-->src\main\AndroidManifest.xml:34:17-72
75                android:resource="@style/NormalTheme" />
75-->src\main\AndroidManifest.xml:35:17-54
76
77            <!-- Main activity intent filter -->
78            <intent-filter>
78-->src\main\AndroidManifest.xml:38:13-41:29
79                <action android:name="android.intent.action.MAIN" />
79-->src\main\AndroidManifest.xml:39:17-69
79-->src\main\AndroidManifest.xml:39:25-66
80
81                <category android:name="android.intent.category.LAUNCHER" />
81-->src\main\AndroidManifest.xml:40:17-77
81-->src\main\AndroidManifest.xml:40:27-74
82            </intent-filter>
83        </activity>
84
85        <!-- Flutter embedding meta-data -->
86        <meta-data
86-->src\main\AndroidManifest.xml:46:9-48:33
87            android:name="flutterEmbedding"
87-->src\main\AndroidManifest.xml:47:13-44
88            android:value="2" />
88-->src\main\AndroidManifest.xml:48:13-30
89
90        <!-- AudioService -->
91        <service
91-->src\main\AndroidManifest.xml:51:9-57:19
92            android:name="com.ryanheise.audioservice.AudioService"
92-->src\main\AndroidManifest.xml:51:18-72
93            android:exported="true"
93-->src\main\AndroidManifest.xml:53:13-36
94            android:foregroundServiceType="mediaPlayback" >
94-->src\main\AndroidManifest.xml:52:13-58
95            <intent-filter>
95-->src\main\AndroidManifest.xml:54:13-56:29
96                <action android:name="android.media.browse.MediaBrowserService" />
96-->src\main\AndroidManifest.xml:55:17-83
96-->src\main\AndroidManifest.xml:55:25-80
97            </intent-filter>
98        </service>
99
100        <!-- MediaButtonReceiver -->
101        <receiver
101-->src\main\AndroidManifest.xml:60:9-65:20
102            android:name="com.ryanheise.audioservice.MediaButtonReceiver"
102-->src\main\AndroidManifest.xml:60:19-80
103            android:exported="true" >
103-->src\main\AndroidManifest.xml:61:13-36
104            <intent-filter>
104-->src\main\AndroidManifest.xml:62:13-64:29
105                <action android:name="android.intent.action.MEDIA_BUTTON" />
105-->src\main\AndroidManifest.xml:63:17-77
105-->src\main\AndroidManifest.xml:63:25-74
106            </intent-filter>
107        </receiver>
108        <receiver
108-->[:background_downloader] AndroidManifest.xml:9:9-21:20
109            android:name="com.bbflight.background_downloader.NotificationReceiver"
109-->[:background_downloader] AndroidManifest.xml:10:13-83
110            android:exported="false" >
110-->[:background_downloader] AndroidManifest.xml:11:13-37
111            <intent-filter>
111-->[:background_downloader] AndroidManifest.xml:12:13-14:29
112                <action android:name="com.bbflight.background_downloader.cancelActive" />
112-->[:background_downloader] AndroidManifest.xml:13:17-90
112-->[:background_downloader] AndroidManifest.xml:13:25-87
113            </intent-filter>
114            <intent-filter>
114-->[:background_downloader] AndroidManifest.xml:15:13-17:29
115                <action android:name="com.bbflight.background_downloader.pause" />
115-->[:background_downloader] AndroidManifest.xml:16:17-83
115-->[:background_downloader] AndroidManifest.xml:16:25-80
116            </intent-filter>
117            <intent-filter>
117-->[:background_downloader] AndroidManifest.xml:18:13-20:29
118                <action android:name="com.bbflight.background_downloader.resume" />
118-->[:background_downloader] AndroidManifest.xml:19:17-84
118-->[:background_downloader] AndroidManifest.xml:19:25-81
119            </intent-filter>
120        </receiver>
121
122        <provider
122-->[:background_downloader] AndroidManifest.xml:23:9-32:20
123            android:name="com.bbflight.background_downloader.OpenFileProvider"
123-->[:background_downloader] AndroidManifest.xml:24:13-79
124            android:authorities="com.golpo.audiobook.com.bbflight.background_downloader.fileprovider"
124-->[:background_downloader] AndroidManifest.xml:25:13-99
125            android:exported="false"
125-->[:background_downloader] AndroidManifest.xml:26:13-37
126            android:grantUriPermissions="true" >
126-->[:background_downloader] AndroidManifest.xml:27:13-47
127            <meta-data
127-->[:background_downloader] AndroidManifest.xml:29:13-31:58
128                android:name="android.support.FILE_PROVIDER_PATHS"
128-->[:background_downloader] AndroidManifest.xml:30:17-67
129                android:resource="@xml/bgd_file_paths" />
129-->[:background_downloader] AndroidManifest.xml:31:17-55
130        </provider>
131
132        <activity
132-->[:url_launcher_android] AndroidManifest.xml:8:9-11:74
133            android:name="io.flutter.plugins.urllauncher.WebViewActivity"
133-->[:url_launcher_android] AndroidManifest.xml:9:13-74
134            android:exported="false"
134-->[:url_launcher_android] AndroidManifest.xml:10:13-37
135            android:theme="@android:style/Theme.NoTitleBar.Fullscreen" />
135-->[:url_launcher_android] AndroidManifest.xml:11:13-71
136
137        <provider
137-->[androidx.work:work-runtime:2.9.0] AndroidManifest.xml:29:9-37:20
138            android:name="androidx.startup.InitializationProvider"
138-->[androidx.work:work-runtime:2.9.0] AndroidManifest.xml:30:13-67
139            android:authorities="com.golpo.audiobook.androidx-startup"
139-->[androidx.work:work-runtime:2.9.0] AndroidManifest.xml:31:13-68
140            android:exported="false" >
140-->[androidx.work:work-runtime:2.9.0] AndroidManifest.xml:32:13-37
141            <meta-data
141-->[androidx.work:work-runtime:2.9.0] AndroidManifest.xml:34:13-36:52
142                android:name="androidx.work.WorkManagerInitializer"
142-->[androidx.work:work-runtime:2.9.0] AndroidManifest.xml:35:17-68
143                android:value="androidx.startup" />
143-->[androidx.work:work-runtime:2.9.0] AndroidManifest.xml:36:17-49
144            <meta-data
144-->[androidx.emoji2:emoji2:1.2.0] AndroidManifest.xml:29:13-31:52
145                android:name="androidx.emoji2.text.EmojiCompatInitializer"
145-->[androidx.emoji2:emoji2:1.2.0] AndroidManifest.xml:30:17-75
146                android:value="androidx.startup" />
146-->[androidx.emoji2:emoji2:1.2.0] AndroidManifest.xml:31:17-49
147            <meta-data
147-->[androidx.lifecycle:lifecycle-process:2.4.1] AndroidManifest.xml:31:13-33:52
148                android:name="androidx.lifecycle.ProcessLifecycleInitializer"
148-->[androidx.lifecycle:lifecycle-process:2.4.1] AndroidManifest.xml:32:17-78
149                android:value="androidx.startup" />
149-->[androidx.lifecycle:lifecycle-process:2.4.1] AndroidManifest.xml:33:17-49
150        </provider>
151
152        <service
152-->[androidx.work:work-runtime:2.9.0] AndroidManifest.xml:39:9-45:35
153            android:name="androidx.work.impl.background.systemalarm.SystemAlarmService"
153-->[androidx.work:work-runtime:2.9.0] AndroidManifest.xml:40:13-88
154            android:directBootAware="false"
154-->[androidx.work:work-runtime:2.9.0] AndroidManifest.xml:41:13-44
155            android:enabled="@bool/enable_system_alarm_service_default"
155-->[androidx.work:work-runtime:2.9.0] AndroidManifest.xml:42:13-72
156            android:exported="false" />
156-->[androidx.work:work-runtime:2.9.0] AndroidManifest.xml:43:13-37
157        <service
157-->[androidx.work:work-runtime:2.9.0] AndroidManifest.xml:46:9-52:35
158            android:name="androidx.work.impl.background.systemjob.SystemJobService"
158-->[androidx.work:work-runtime:2.9.0] AndroidManifest.xml:47:13-84
159            android:directBootAware="false"
159-->[androidx.work:work-runtime:2.9.0] AndroidManifest.xml:48:13-44
160            android:enabled="@bool/enable_system_job_service_default"
160-->[androidx.work:work-runtime:2.9.0] AndroidManifest.xml:49:13-70
161            android:exported="true"
161-->[androidx.work:work-runtime:2.9.0] AndroidManifest.xml:50:13-36
162            android:permission="android.permission.BIND_JOB_SERVICE" />
162-->[androidx.work:work-runtime:2.9.0] AndroidManifest.xml:51:13-69
163        <service
163-->[androidx.work:work-runtime:2.9.0] AndroidManifest.xml:53:9-59:35
164            android:name="androidx.work.impl.foreground.SystemForegroundService"
164-->[androidx.work:work-runtime:2.9.0] AndroidManifest.xml:54:13-81
165            android:directBootAware="false"
165-->[androidx.work:work-runtime:2.9.0] AndroidManifest.xml:55:13-44
166            android:enabled="@bool/enable_system_foreground_service_default"
166-->[androidx.work:work-runtime:2.9.0] AndroidManifest.xml:56:13-77
167            android:exported="false" />
167-->[androidx.work:work-runtime:2.9.0] AndroidManifest.xml:57:13-37
168
169        <receiver
169-->[androidx.work:work-runtime:2.9.0] AndroidManifest.xml:61:9-66:35
170            android:name="androidx.work.impl.utils.ForceStopRunnable$BroadcastReceiver"
170-->[androidx.work:work-runtime:2.9.0] AndroidManifest.xml:62:13-88
171            android:directBootAware="false"
171-->[androidx.work:work-runtime:2.9.0] AndroidManifest.xml:63:13-44
172            android:enabled="true"
172-->[androidx.work:work-runtime:2.9.0] AndroidManifest.xml:64:13-35
173            android:exported="false" />
173-->[androidx.work:work-runtime:2.9.0] AndroidManifest.xml:65:13-37
174        <receiver
174-->[androidx.work:work-runtime:2.9.0] AndroidManifest.xml:67:9-77:20
175            android:name="androidx.work.impl.background.systemalarm.ConstraintProxy$BatteryChargingProxy"
175-->[androidx.work:work-runtime:2.9.0] AndroidManifest.xml:68:13-106
176            android:directBootAware="false"
176-->[androidx.work:work-runtime:2.9.0] AndroidManifest.xml:69:13-44
177            android:enabled="false"
177-->[androidx.work:work-runtime:2.9.0] AndroidManifest.xml:70:13-36
178            android:exported="false" >
178-->[androidx.work:work-runtime:2.9.0] AndroidManifest.xml:71:13-37
179            <intent-filter>
179-->[androidx.work:work-runtime:2.9.0] AndroidManifest.xml:73:13-76:29
180                <action android:name="android.intent.action.ACTION_POWER_CONNECTED" />
180-->[androidx.work:work-runtime:2.9.0] AndroidManifest.xml:74:17-87
180-->[androidx.work:work-runtime:2.9.0] AndroidManifest.xml:74:25-84
181                <action android:name="android.intent.action.ACTION_POWER_DISCONNECTED" />
181-->[androidx.work:work-runtime:2.9.0] AndroidManifest.xml:75:17-90
181-->[androidx.work:work-runtime:2.9.0] AndroidManifest.xml:75:25-87
182            </intent-filter>
183        </receiver>
184        <receiver
184-->[androidx.work:work-runtime:2.9.0] AndroidManifest.xml:78:9-88:20
185            android:name="androidx.work.impl.background.systemalarm.ConstraintProxy$BatteryNotLowProxy"
185-->[androidx.work:work-runtime:2.9.0] AndroidManifest.xml:79:13-104
186            android:directBootAware="false"
186-->[androidx.work:work-runtime:2.9.0] AndroidManifest.xml:80:13-44
187            android:enabled="false"
187-->[androidx.work:work-runtime:2.9.0] AndroidManifest.xml:81:13-36
188            android:exported="false" >
188-->[androidx.work:work-runtime:2.9.0] AndroidManifest.xml:82:13-37
189            <intent-filter>
189-->[androidx.work:work-runtime:2.9.0] AndroidManifest.xml:84:13-87:29
190                <action android:name="android.intent.action.BATTERY_OKAY" />
190-->[androidx.work:work-runtime:2.9.0] AndroidManifest.xml:85:17-77
190-->[androidx.work:work-runtime:2.9.0] AndroidManifest.xml:85:25-74
191                <action android:name="android.intent.action.BATTERY_LOW" />
191-->[androidx.work:work-runtime:2.9.0] AndroidManifest.xml:86:17-76
191-->[androidx.work:work-runtime:2.9.0] AndroidManifest.xml:86:25-73
192            </intent-filter>
193        </receiver>
194        <receiver
194-->[androidx.work:work-runtime:2.9.0] AndroidManifest.xml:89:9-99:20
195            android:name="androidx.work.impl.background.systemalarm.ConstraintProxy$StorageNotLowProxy"
195-->[androidx.work:work-runtime:2.9.0] AndroidManifest.xml:90:13-104
196            android:directBootAware="false"
196-->[androidx.work:work-runtime:2.9.0] AndroidManifest.xml:91:13-44
197            android:enabled="false"
197-->[androidx.work:work-runtime:2.9.0] AndroidManifest.xml:92:13-36
198            android:exported="false" >
198-->[androidx.work:work-runtime:2.9.0] AndroidManifest.xml:93:13-37
199            <intent-filter>
199-->[androidx.work:work-runtime:2.9.0] AndroidManifest.xml:95:13-98:29
200                <action android:name="android.intent.action.DEVICE_STORAGE_LOW" />
200-->[androidx.work:work-runtime:2.9.0] AndroidManifest.xml:96:17-83
200-->[androidx.work:work-runtime:2.9.0] AndroidManifest.xml:96:25-80
201                <action android:name="android.intent.action.DEVICE_STORAGE_OK" />
201-->[androidx.work:work-runtime:2.9.0] AndroidManifest.xml:97:17-82
201-->[androidx.work:work-runtime:2.9.0] AndroidManifest.xml:97:25-79
202            </intent-filter>
203        </receiver>
204        <receiver
204-->[androidx.work:work-runtime:2.9.0] AndroidManifest.xml:100:9-109:20
205            android:name="androidx.work.impl.background.systemalarm.ConstraintProxy$NetworkStateProxy"
205-->[androidx.work:work-runtime:2.9.0] AndroidManifest.xml:101:13-103
206            android:directBootAware="false"
206-->[androidx.work:work-runtime:2.9.0] AndroidManifest.xml:102:13-44
207            android:enabled="false"
207-->[androidx.work:work-runtime:2.9.0] AndroidManifest.xml:103:13-36
208            android:exported="false" >
208-->[androidx.work:work-runtime:2.9.0] AndroidManifest.xml:104:13-37
209            <intent-filter>
209-->[androidx.work:work-runtime:2.9.0] AndroidManifest.xml:106:13-108:29
210                <action android:name="android.net.conn.CONNECTIVITY_CHANGE" />
210-->[androidx.work:work-runtime:2.9.0] AndroidManifest.xml:107:17-79
210-->[androidx.work:work-runtime:2.9.0] AndroidManifest.xml:107:25-76
211            </intent-filter>
212        </receiver>
213        <receiver
213-->[androidx.work:work-runtime:2.9.0] AndroidManifest.xml:110:9-121:20
214            android:name="androidx.work.impl.background.systemalarm.RescheduleReceiver"
214-->[androidx.work:work-runtime:2.9.0] AndroidManifest.xml:111:13-88
215            android:directBootAware="false"
215-->[androidx.work:work-runtime:2.9.0] AndroidManifest.xml:112:13-44
216            android:enabled="false"
216-->[androidx.work:work-runtime:2.9.0] AndroidManifest.xml:113:13-36
217            android:exported="false" >
217-->[androidx.work:work-runtime:2.9.0] AndroidManifest.xml:114:13-37
218            <intent-filter>
218-->[androidx.work:work-runtime:2.9.0] AndroidManifest.xml:116:13-120:29
219                <action android:name="android.intent.action.BOOT_COMPLETED" />
219-->[androidx.work:work-runtime:2.9.0] AndroidManifest.xml:117:17-79
219-->[androidx.work:work-runtime:2.9.0] AndroidManifest.xml:117:25-76
220                <action android:name="android.intent.action.TIME_SET" />
220-->[androidx.work:work-runtime:2.9.0] AndroidManifest.xml:118:17-73
220-->[androidx.work:work-runtime:2.9.0] AndroidManifest.xml:118:25-70
221                <action android:name="android.intent.action.TIMEZONE_CHANGED" />
221-->[androidx.work:work-runtime:2.9.0] AndroidManifest.xml:119:17-81
221-->[androidx.work:work-runtime:2.9.0] AndroidManifest.xml:119:25-78
222            </intent-filter>
223        </receiver>
224        <receiver
224-->[androidx.work:work-runtime:2.9.0] AndroidManifest.xml:122:9-131:20
225            android:name="androidx.work.impl.background.systemalarm.ConstraintProxyUpdateReceiver"
225-->[androidx.work:work-runtime:2.9.0] AndroidManifest.xml:123:13-99
226            android:directBootAware="false"
226-->[androidx.work:work-runtime:2.9.0] AndroidManifest.xml:124:13-44
227            android:enabled="@bool/enable_system_alarm_service_default"
227-->[androidx.work:work-runtime:2.9.0] AndroidManifest.xml:125:13-72
228            android:exported="false" >
228-->[androidx.work:work-runtime:2.9.0] AndroidManifest.xml:126:13-37
229            <intent-filter>
229-->[androidx.work:work-runtime:2.9.0] AndroidManifest.xml:128:13-130:29
230                <action android:name="androidx.work.impl.background.systemalarm.UpdateProxies" />
230-->[androidx.work:work-runtime:2.9.0] AndroidManifest.xml:129:17-98
230-->[androidx.work:work-runtime:2.9.0] AndroidManifest.xml:129:25-95
231            </intent-filter>
232        </receiver>
233        <receiver
233-->[androidx.work:work-runtime:2.9.0] AndroidManifest.xml:132:9-142:20
234            android:name="androidx.work.impl.diagnostics.DiagnosticsReceiver"
234-->[androidx.work:work-runtime:2.9.0] AndroidManifest.xml:133:13-78
235            android:directBootAware="false"
235-->[androidx.work:work-runtime:2.9.0] AndroidManifest.xml:134:13-44
236            android:enabled="true"
236-->[androidx.work:work-runtime:2.9.0] AndroidManifest.xml:135:13-35
237            android:exported="true"
237-->[androidx.work:work-runtime:2.9.0] AndroidManifest.xml:136:13-36
238            android:permission="android.permission.DUMP" >
238-->[androidx.work:work-runtime:2.9.0] AndroidManifest.xml:137:13-57
239            <intent-filter>
239-->[androidx.work:work-runtime:2.9.0] AndroidManifest.xml:139:13-141:29
240                <action android:name="androidx.work.diagnostics.REQUEST_DIAGNOSTICS" />
240-->[androidx.work:work-runtime:2.9.0] AndroidManifest.xml:140:17-88
240-->[androidx.work:work-runtime:2.9.0] AndroidManifest.xml:140:25-85
241            </intent-filter>
242        </receiver>
243
244        <uses-library
244-->[androidx.window:window:1.0.0] AndroidManifest.xml:25:9-27:40
245            android:name="androidx.window.extensions"
245-->[androidx.window:window:1.0.0] AndroidManifest.xml:26:13-54
246            android:required="false" />
246-->[androidx.window:window:1.0.0] AndroidManifest.xml:27:13-37
247        <uses-library
247-->[androidx.window:window:1.0.0] AndroidManifest.xml:28:9-30:40
248            android:name="androidx.window.sidecar"
248-->[androidx.window:window:1.0.0] AndroidManifest.xml:29:13-51
249            android:required="false" />
249-->[androidx.window:window:1.0.0] AndroidManifest.xml:30:13-37
250
251        <service
251-->[androidx.room:room-runtime:2.5.0] AndroidManifest.xml:24:9-28:63
252            android:name="androidx.room.MultiInstanceInvalidationService"
252-->[androidx.room:room-runtime:2.5.0] AndroidManifest.xml:25:13-74
253            android:directBootAware="true"
253-->[androidx.room:room-runtime:2.5.0] AndroidManifest.xml:26:13-43
254            android:exported="false" />
254-->[androidx.room:room-runtime:2.5.0] AndroidManifest.xml:27:13-37
255    </application>
256
257</manifest>